0 info it worked if it ends with ok
1 verbose cli [ '/usr/local/Cellar/node/10.3.0/bin/node',
1 verbose cli   '/usr/local/bin/npm',
1 verbose cli   'start' ]
2 info using npm@4.1.2
3 info using node@v10.3.0
4 verbose run-script [ 'prestart', 'start', 'poststart' ]
5 info lifecycle nycmesh-nodes@1.0.0~prestart: nycmesh-nodes@1.0.0
6 silly lifecycle nycmesh-nodes@1.0.0~prestart: no script for prestart, continuing
7 info lifecycle nycmesh-nodes@1.0.0~start: nycmesh-nodes@1.0.0
8 verbose lifecycle nycmesh-nodes@1.0.0~start: unsafe-perm in lifecycle true
9 verbose lifecycle nycmesh-nodes@1.0.0~start: PATH: /usr/local/lib/node_modules/npm/bin/node-gyp-bin:/Users/bh/Documents/code/map-nodes/node_modules/.bin:/usr/local/sbin:/opt/local/bin:/opt/local/sbin:/opt/local/bin:/opt/local/sbin:/Users/bh/.rvm/gems/ruby-2.5.1/bin:/Users/bh/.rvm/gems/ruby-2.5.1@global/bin:/Users/bh/.rvm/rubies/ruby-2.5.1/bin:/Library/Frameworks/Python.framework/Versions/2.7/bin:/opt/local/bin:/opt/local/sbin:/opt/local/bin:/opt/local/sbin:/Library/Frameworks/Python.framework/Versions/Current/bin:/usr/bin:/bin:/usr/sbin:/sbin:/usr/local/bin:/Applications/acquia-drupal/drush:/Users/bh/.rvm/bin
10 verbose lifecycle nycmesh-nodes@1.0.0~start: CWD: /Users/bh/Documents/code/map-nodes
11 silly lifecycle nycmesh-nodes@1.0.0~start: Args: [ '-c', 'node src/index.js' ]
12 silly lifecycle nycmesh-nodes@1.0.0~start: Returned: code: 1  signal: null
13 info lifecycle nycmesh-nodes@1.0.0~start: Failed to exec start script
14 verbose stack Error: nycmesh-nodes@1.0.0 start: `node src/index.js`
14 verbose stack Exit status 1
14 verbose stack     at EventEmitter.<anonymous> (/usr/local/lib/node_modules/npm/lib/utils/lifecycle.js:279:16)
14 verbose stack     at EventEmitter.emit (events.js:182:13)
14 verbose stack     at ChildProcess.<anonymous> (/usr/local/lib/node_modules/npm/lib/utils/spawn.js:40:14)
14 verbose stack     at ChildProcess.emit (events.js:182:13)
14 verbose stack     at maybeClose (internal/child_process.js:961:16)
14 verbose stack     at Process.ChildProcess._handle.onexit (internal/child_process.js:248:5)
15 verbose pkgid nycmesh-nodes@1.0.0
16 verbose cwd /Users/bh/Documents/code/map-nodes
17 error Darwin 13.4.0
18 error argv "/usr/local/Cellar/node/10.3.0/bin/node" "/usr/local/bin/npm" "start"
19 error node v10.3.0
20 error npm  v4.1.2
21 error code ELIFECYCLE
22 error nycmesh-nodes@1.0.0 start: `node src/index.js`
22 error Exit status 1
23 error Failed at the nycmesh-nodes@1.0.0 start script 'node src/index.js'.
23 error Make sure you have the latest version of node.js and npm installed.
23 error If you do, this is most likely a problem with the nycmesh-nodes package,
23 error not with npm itself.
23 error Tell the author that this fails on your system:
23 error     node src/index.js
23 error You can get information on how to open an issue for this project with:
23 error     npm bugs nycmesh-nodes
23 error Or if that isn't available, you can get their info via:
23 error     npm owner ls nycmesh-nodes
23 error There is likely additional logging output above.
24 verbose exit [ 1, true ]
